📁 [批量测试] 创建上传目录: /Users/chenyigeng/Library/Application Support/winclaw/.openclaw/workspace/TechnicalDocumentationCitationSystem/backend/entrance/storage/batch-test
📁 [批量测试] 创建结果目录: /Users/chenyigeng/Library/Application Support/winclaw/.openclaw/workspace/TechnicalDocumentationCitationSystem/backend/entrance/storage/result
📝 已加载环境变量：/Users/chenyigeng/Library/Application Support/winclaw/.openclaw/workspace/TechnicalDocumentationCitationSystem/backend/entrance/.env
🔧 ENABLE_QUESTION_CLASSIFICATION: true
🔧 Config loaded: firstlayer.enabled = true

╔══════════════════════════════════════════════════════════╗
║                                                          ║
║     📁 文件上传服务 已启动                               ║
║                                                          ║
╚══════════════════════════════════════════════════════════╝

📡 服务器地址：http://0.0.0.0:3002
📊 健康检查：http://0.0.0.0:3002/health

📚 API 端点:
   POST   /api/upload          - 上传文件
   GET    /api/qa/files         - 文件列表
   GET    /api/qa/stats         - 统计信息
   DELETE /api/qa/files/:name  - 删除文件

📊 [批量测试] 获取结果文件列表
📊 [批量测试] 找到 0 个结果文件

👋 正在关闭服务器...
