/Users/tuyh3/Desktop/Asiainfo/chenyigeng77521/TechnicalDocumentationCitationSystem/src/backend/firstlayer/question_filter/app.py:58: DeprecationWarning: 
        on_event is deprecated, use lifespan event handlers instead.

        Read more about it in the
        [FastAPI docs for Lifespan Events](https://fastapi.tiangolo.com/advanced/events/).
        
  @app.on_event("startup")
INFO:     Started server process [87079]
INFO:     Waiting for application startup.
/Users/tuyh3/Desktop/Asiainfo/chenyigeng77521/TechnicalDocumentationCitationSystem/src/backend/firstlayer/question_filter/classifier.py:48: FutureWarning: Possible set symmetric difference at position 40
  (re.compile(r'^[!@#$%^&*()_+\-=\[\]\{\};:\'",.<>/?\\|`~~]+$/'), "只有标点符号"),
INFO:     Application startup complete.
INFO:     Uvicorn running on http://0.0.0.0:3005 (Press CTRL+C to quit)
============================================================
  问题过滤服务启动中...
============================================================
🔄 问题过滤器初始化中...
🤖 模型：hfl/chinese-roberta-wwm-ext
🔄 正在加载中文 RoBERTa 模型...
📂 模型路径：/Users/tuyh3/Desktop/Asiainfo/chenyigeng77521/TechnicalDocumentationCitationSystem/src/backend/firstlayer/firstlayer_modules/chinese-roberta-wwm-ext
⚠️  模型加载失败：Incorrect path_or_model_id: '/Users/tuyh3/Desktop/Asiainfo/chenyigeng77521/TechnicalDocumentationCitationSystem/src/backend/firstlayer/firstlayer_modules/chinese-roberta-wwm-ext'. Please provide eithe
   将使用规则匹配作为备用方案
✅ 问题过滤器已初始化完成
============================================================
  ✅ 服务启动完成!
  🌐 访问地址：http://0.0.0.0:3005
  📚 API 文档：http://0.0.0.0:3005/docs
============================================================
INFO:     127.0.0.1:59521 - "POST /api/filter HTTP/1.1" 200 OK
INFO:     127.0.0.1:65516 - "POST /api/filter HTTP/1.1" 200 OK
INFO:     127.0.0.1:58959 - "POST /api/filter HTTP/1.1" 200 OK
