
> knowledge-qa-system@1.0.0 dev
> tsx src/server.ts

📝 已加载环境变量：/Users/chenyigeng/Library/Application Support/winclaw/.openclaw/workspace/TechnicalDocumentationCitationSystem/backend/entrance/.env
🔧 ENABLE_QUESTION_CLASSIFICATION: true
🔧 Config loaded: firstlayer.enabled = true

╔══════════════════════════════════════════════════════════╗
║                                                          ║
║     📁 文件上传服务 已启动                               ║
║                                                          ║
╚══════════════════════════════════════════════════════════╝

📡 服务器地址：http://0.0.0.0:3002
📊 健康检查：http://0.0.0.0:3002/health

📚 API 端点:
   POST   /api/upload          - 上传文件
   GET    /api/qa/files         - 文件列表
   GET    /api/qa/stats         - 统计信息
   DELETE /api/qa/files/:name  - 删除文件

📥 收到问题（流式）: dddd
❌ 语言错误：中文比例 0% < 30%
📥 收到问题（流式）: dddd
❌ 语言错误：中文比例 0% < 30%
📥 收到问题（流式）: dddd
❌ 语言错误：中文比例 0% < 30%
📥 收到问题（流式）: ddd
❌ 语言错误：中文比例 0% < 30%
📥 收到问题（流式）: dddd
❌ 语言错误：中文比例 0% < 30%
📥 收到问题（流式）: ddd
❌ 语言错误：中文比例 0% < 30%
📥 收到问题（流式）: dadd
❌ 语言错误：中文比例 0% < 30%
📥 收到问题（流式）: dddd
ni
❌ 语言错误：中文比例 0% < 30%
📥 收到问题（流式）: 那你好久来接
🔍 正在过滤问题：那你好久来接...
✅ 过滤完成：CHAT (置信度：0.9)
🔍 过滤结果：CHAT (置信度：0.9)
⚠️  问题被过滤：CHAT
📥 收到问题（流式）: 啦金利金利金利
🔍 正在过滤问题：啦金利金利金利...
✅ 过滤完成：VALID (置信度：0.5)
🔍 过滤结果：VALID (置信度：0.5)
🔄 问题有效，调用分类服务...
🔄 正在对问题分类：啦金利金利金利...
✅ 分类完成：UNKNOWN (置信度：0.5)
📥 收到问题（流式）: 大姐啦金利就
🔍 正在过滤问题：大姐啦金利就...
✅ 过滤完成：VALID (置信度：0.5)
🔍 过滤结果：VALID (置信度：0.5)
🔄 问题有效，调用分类服务...
🔄 正在对问题分类：大姐啦金利就...
✅ 分类完成：UNKNOWN (置信度：0.5)
📥 收到问题（流式）: 多打两份金利就
🔍 正在过滤问题：多打两份金利就...
✅ 过滤完成：VALID (置信度：0.5)
🔍 过滤结果：VALID (置信度：0.5)
🔄 问题有效，调用分类服务...
🔄 正在对问题分类：多打两份金利就...
✅ 分类完成：UNKNOWN (置信度：0.5)
