
> knowledge-qa-system@1.0.0 start
> node dist/server.js

📝 已加载环境变量：/Users/chenyigeng/Library/Application Support/winclaw/.openclaw/workspace/TechnicalDocumentationCitationSystem/backend/entrance/.env
🔧 ENABLE_QUESTION_CLASSIFICATION: true
🔧 Config loaded: firstlayer.enabled = true
node:events:496
      throw er; // Unhandled 'error' event
      ^

Error: listen EADDRINUSE: address already in use 0.0.0.0:3002
    at Server.setupListenHandle [as _listen2] (node:net:1897:16)
    at listenInCluster (node:net:1945:12)
    at doListen (node:net:2109:7)
    at process.processTicksAndRejections (node:internal/process/task_queues:83:21)
Emitted 'error' event on Server instance at:
    at emitErrorNT (node:net:1924:8)
    at process.processTicksAndRejections (node:internal/process/task_queues:82:21) {
  code: 'EADDRINUSE',
  errno: -48,
  syscall: 'listen',
  address: '0.0.0.0',
  port: 3002
}

Node.js v20.12.2
